TN:
SF:src/modules/appointments/services/CreateAppointmentService.ts
FN:22,(anonymous_18)
FN:24,CreateAppointmentService
FN:28,(anonymous_20)
FNF:3
FNH:3
FNDA:1,(anonymous_18)
FNDA:5,CreateAppointmentService
FNDA:5,(anonymous_20)
DA:1,1
DA:2,1
DA:3,1
DA:6,1
DA:22,1
DA:26,5
DA:28,1
DA:29,5
DA:30,5
DA:31,5
DA:33,5
DA:35,5
DA:36,4
DA:39,1
DA:40,0
DA:43,1
DA:44,0
DA:49,1
DA:50,1
DA:51,0
DA:53,1
DA:58,1
DA:60,1
DA:62,1
LF:24
LH:21
BRDA:35,0,0,4
BRDA:35,0,1,1
BRDA:39,1,0,0
BRDA:39,1,1,1
BRDA:43,2,0,0
BRDA:43,2,1,1
BRDA:43,3,0,1
BRDA:43,3,1,1
BRDA:50,4,0,0
BRDA:50,4,1,1
BRF:10
BRH:7
end_of_record
TN:
SF:src/modules/appointments/services/ListProviderDayAvailability.ts
FN:19,(anonymous_17)
FN:20,ListProviderDayAvailability
FN:24,(anonymous_19)
FN:42,(anonymous_22)
FN:45,(anonymous_23)
FN:47,(anonymous_24)
FNF:6
FNH:0
FNDA:0,(anonymous_17)
FNDA:0,ListProviderDayAvailability
FNDA:0,(anonymous_19)
FNDA:0,(anonymous_22)
FNDA:0,(anonymous_23)
FNDA:0,(anonymous_24)
DA:1,0
DA:2,0
DA:3,0
DA:19,0
DA:22,0
DA:24,0
DA:25,0
DA:26,0
DA:27,0
DA:28,0
DA:30,0
DA:39,0
DA:40,0
DA:42,0
DA:45,0
DA:46,0
DA:47,0
DA:50,0
DA:52,0
DA:54,0
DA:61,0
DA:63,0
LF:22
LH:0
BRDA:30,0,0,0
BRDA:57,1,0,0
BRDA:57,1,1,0
BRF:3
BRH:0
end_of_record
TN:
SF:src/modules/appointments/services/ListProviderMonthAvailability.ts
FN:18,(anonymous_17)
FN:19,ListProviderMonthAvailabilityService
FN:23,(anonymous_19)
FN:36,(anonymous_22)
FN:39,(anonymous_23)
FN:40,(anonymous_24)
FNF:6
FNH:5
FNDA:1,(anonymous_17)
FNDA:1,ListProviderMonthAvailabilityService
FNDA:1,(anonymous_19)
FNDA:31,(anonymous_22)
FNDA:31,(anonymous_23)
FNDA:0,(anonymous_24)
DA:1,1
DA:2,1
DA:3,1
DA:18,1
DA:21,1
DA:23,1
DA:24,1
DA:32,1
DA:34,1
DA:36,31
DA:39,1
DA:40,31
DA:41,0
DA:43,31
DA:49,1
DA:51,1
LF:16
LH:15
BRDA:24,0,0,1
BRF:1
BRH:1
end_of_record
TN:
SF:src/modules/appointments/services/ShowProvidersService.ts
FN:6,(anonymous_17)
FN:7,ShowProviderService
FN:11,(anonymous_19)
FNF:3
FNH:3
FNDA:1,(anonymous_17)
FNDA:1,ShowProviderService
FNDA:1,(anonymous_19)
DA:2,1
DA:6,1
DA:9,1
DA:11,1
DA:12,1
DA:16,1
DA:18,1
LF:7
LH:7
BRDA:12,0,0,1
BRF:1
BRH:1
end_of_record
TN:
SF:src/modules/users/services/CreateSessionService.ts
FN:19,(anonymous_18)
FN:20,SessionService
FN:26,(anonymous_20)
FNF:3
FNH:3
FNDA:1,(anonymous_18)
FNDA:3,SessionService
FNDA:3,(anonymous_20)
DA:1,1
DA:4,1
DA:5,1
DA:6,1
DA:19,1
DA:22,3
DA:24,3
DA:26,3
DA:27,3
DA:28,3
DA:29,1
DA:37,2
DA:41,2
DA:42,1
DA:45,1
DA:47,1
DA:53,1
DA:58,1
LF:18
LH:18
BRDA:27,0,0,3
BRDA:28,1,0,1
BRDA:28,1,1,2
BRDA:41,2,0,1
BRDA:41,2,1,1
BRF:5
BRH:5
end_of_record
TN:
SF:src/modules/users/services/CreateUserService.ts
FN:13,(anonymous_18)
FN:14,UserService
FN:21,(anonymous_20)
FNF:3
FNH:3
FNDA:2,(anonymous_18)
FNDA:4,UserService
FNDA:5,(anonymous_20)
DA:2,2
DA:3,2
DA:13,2
DA:16,4
DA:19,4
DA:21,5
DA:22,5
DA:24,5
DA:25,1
DA:28,4
DA:30,4
DA:36,4
DA:38,2
LF:13
LH:13
BRDA:22,0,0,5
BRDA:24,1,0,1
BRDA:24,1,1,4
BRF:3
BRH:3
end_of_record
TN:
SF:src/modules/users/services/ResetPasswordService.ts
FN:13,(anonymous_17)
FN:14,ResetPasswordService
FN:23,(anonymous_19)
FNF:3
FNH:3
FNDA:1,(anonymous_17)
FNDA:4,ResetPasswordService
FNDA:4,(anonymous_19)
DA:1,1
DA:2,1
DA:13,1
DA:16,4
DA:18,4
DA:20,4
DA:23,4
DA:24,4
DA:25,4
DA:27,3
DA:28,3
DA:29,3
DA:30,1
DA:33,2
DA:34,2
DA:35,1
DA:36,2
DA:38,1
LF:18
LH:18
BRDA:24,0,0,4
BRDA:25,1,0,1
BRDA:25,1,1,3
BRDA:29,2,0,1
BRDA:29,2,1,2
BRDA:34,3,0,1
BRDA:34,3,1,1
BRF:7
BRH:7
end_of_record
TN:
SF:src/modules/users/services/SendForgotPasswordPasswordEmailService.ts
FN:12,(anonymous_18)
FN:13,SendForgotPasswordEmail
FN:23,(anonymous_20)
FNF:3
FNH:3
FNDA:1,(anonymous_18)
FNDA:3,SendForgotPasswordEmail
FNDA:3,(anonymous_20)
DA:1,1
DA:2,1
DA:12,1
DA:15,3
DA:18,3
DA:21,3
DA:23,3
DA:24,3
DA:30,3
DA:31,3
DA:32,2
DA:33,4
DA:48,1
LF:13
LH:13
BRDA:31,0,0,1
BRDA:31,0,1,2
BRF:2
BRH:2
end_of_record
TN:
SF:src/modules/users/services/ShowProfileService.ts
FN:10,(anonymous_18)
FN:11,ShowProfileService
FN:15,(anonymous_20)
FNF:3
FNH:3
FNDA:1,(anonymous_18)
FNDA:2,ShowProfileService
FNDA:2,(anonymous_20)
DA:2,1
DA:3,1
DA:10,1
DA:13,2
DA:15,2
DA:16,2
DA:17,2
DA:18,1
DA:19,1
DA:21,1
LF:10
LH:10
BRDA:16,0,0,2
BRDA:17,1,0,1
BRDA:17,1,1,1
BRF:3
BRH:3
end_of_record
TN:
SF:src/modules/users/services/UpdateProfileService.ts
FN:15,(anonymous_18)
FN:16,UpdateProfileService
FN:22,(anonymous_20)
FNF:3
FNH:3
FNDA:1,(anonymous_18)
FNDA:2,UpdateProfileService
FNDA:2,(anonymous_20)
DA:2,1
DA:3,1
DA:15,1
DA:18,2
DA:20,2
DA:22,1
DA:23,2
DA:24,2
DA:25,2
DA:26,2
DA:27,2
DA:29,2
DA:30,2
DA:31,2
DA:32,2
DA:33,1
DA:35,1
DA:36,1
DA:38,1
DA:39,0
DA:42,2
DA:43,0
DA:47,0
DA:48,0
DA:50,0
DA:53,2
DA:54,1
DA:56,1
LF:28
LH:23
BRDA:29,0,0,2
BRDA:29,0,1,1
BRDA:30,1,0,0
BRDA:30,1,1,2
BRDA:32,2,0,1
BRDA:32,2,1,1
BRDA:32,3,0,2
BRDA:32,3,1,1
BRDA:38,4,0,0
BRDA:38,4,1,1
BRDA:38,5,0,1
BRDA:38,5,1,0
BRDA:42,6,0,1
BRDA:42,6,1,0
BRDA:42,7,0,1
BRDA:42,7,1,0
BRDA:47,8,0,0
BRDA:47,8,1,0
BRF:18
BRH:11
end_of_record
TN:
SF:src/modules/users/services/UpdateUserAvatarService.ts
FN:19,(anonymous_18)
FN:20,UpdateUserAvatarService
FN:26,(anonymous_20)
FNF:3
FNH:3
FNDA:1,(anonymous_18)
FNDA:3,UpdateUserAvatarService
FNDA:4,(anonymous_20)
DA:2,1
DA:3,1
DA:19,1
DA:22,3
DA:24,3
DA:26,4
DA:27,4
DA:28,4
DA:29,1
DA:32,5
DA:33,2
DA:35,3
DA:37,3
DA:38,6
DA:39,3
DA:41,1
LF:16
LH:16
BRDA:27,0,0,4
BRDA:27,0,1,3
BRDA:28,1,0,1
BRDA:28,1,1,3
BRDA:32,2,0,2
BRDA:32,2,1,1
BRF:6
BRH:6
end_of_record
