TN:
SF:src/modules/appointments/services/CreateAppointmentService.ts
FN:20,(anonymous_18)
FN:22,CreateAppointmentService
FN:26,(anonymous_20)
FNF:3
FNH:3
FNDA:1,(anonymous_18)
FNDA:2,CreateAppointmentService
FNDA:3,(anonymous_20)
DA:1,1
DA:2,1
DA:3,1
DA:6,1
DA:20,1
DA:24,2
DA:26,1
DA:27,3
DA:28,3
DA:30,3
DA:31,3
DA:32,3
DA:33,1
DA:35,2
DA:39,2
DA:41,1
DA:43,1
LF:17
LH:17
BRDA:32,0,0,1
BRDA:32,0,1,2
BRF:2
BRH:2
end_of_record
TN:
SF:src/modules/users/services/CreateSessionService.ts
FN:19,(anonymous_18)
FN:20,SessionService
FN:26,(anonymous_20)
FNF:3
FNH:3
FNDA:1,(anonymous_18)
FNDA:3,SessionService
FNDA:3,(anonymous_20)
DA:1,1
DA:4,1
DA:5,1
DA:6,1
DA:19,1
DA:22,3
DA:24,3
DA:26,3
DA:27,3
DA:28,3
DA:29,1
DA:37,2
DA:41,2
DA:42,1
DA:45,1
DA:47,1
DA:53,1
DA:58,1
LF:18
LH:18
BRDA:27,0,0,3
BRDA:28,1,0,1
BRDA:28,1,1,2
BRDA:41,2,0,1
BRDA:41,2,1,1
BRF:5
BRH:5
end_of_record
TN:
SF:src/modules/users/services/CreateUserService.ts
FN:13,(anonymous_18)
FN:14,UserService
FN:21,(anonymous_20)
FNF:3
FNH:3
FNDA:2,(anonymous_18)
FNDA:4,UserService
FNDA:5,(anonymous_20)
DA:2,2
DA:3,2
DA:13,2
DA:16,4
DA:19,4
DA:21,5
DA:22,5
DA:24,5
DA:25,1
DA:28,4
DA:30,4
DA:36,4
DA:38,2
LF:13
LH:13
BRDA:22,0,0,5
BRDA:24,1,0,1
BRDA:24,1,1,4
BRF:3
BRH:3
end_of_record
TN:
SF:src/modules/users/services/SendForgotPasswordPasswordEmailService.ts
FN:12,(anonymous_17)
FN:13,SendForgotPasswordEmail
FN:17,(anonymous_19)
FNF:3
FNH:3
FNDA:1,(anonymous_17)
FNDA:1,SendForgotPasswordEmail
FNDA:1,(anonymous_19)
DA:1,1
DA:12,1
DA:15,1
DA:17,1
DA:18,1
LF:5
LH:5
BRF:0
BRH:0
end_of_record
TN:
SF:src/modules/users/services/UpdateUserAvatarService.ts
FN:22,(anonymous_18)
FN:23,UpdateUserAvatarService
FN:29,(anonymous_20)
FNF:3
FNH:3
FNDA:1,(anonymous_18)
FNDA:3,UpdateUserAvatarService
FNDA:4,(anonymous_20)
DA:2,1
DA:6,1
DA:22,1
DA:25,3
DA:27,3
DA:29,4
DA:30,4
DA:31,4
DA:32,1
DA:35,5
DA:36,2
DA:38,3
DA:40,3
DA:41,6
DA:42,3
DA:44,1
LF:16
LH:16
BRDA:30,0,0,4
BRDA:30,0,1,3
BRDA:31,1,0,1
BRDA:31,1,1,3
BRDA:35,2,0,2
BRDA:35,2,1,1
BRF:6
BRH:6
end_of_record
